Copyright 1986-2019 Xilinx, Inc. All Rights Reserved.
-------------------------------------------------------------------------------------------------------------------------------------------------------------------------
| Tool Version     : Vivado v.2019.1 (win64) Build 2552052 Fri May 24 14:49:42 MDT 2019
| Date             : Tue Mar 30 13:26:31 2021
| Host             : QuitStealingMyPaper running 64-bit major release  (build 9200)
| Command          : report_power -file digitalFilterDemo_power_routed.rpt -pb digitalFilterDemo_power_summary_routed.pb -rpx digitalFilterDemo_power_routed.rpx
| Design           : digitalFilterDemo
| Device           : xc7a200tsbg484-1
| Design State     : routed
| Grade            : commercial
| Process          : typical
| Characterization : Production
-------------------------------------------------------------------------------------------------------------------------------------------------------------------------

Power Report

Table of Contents
-----------------
1. Summary
1.1 On-Chip Components
1.2 Power Supply Summary
1.3 Confidence Level
2. Settings
2.1 Environment
2.2 Clock Constraints
3. Detailed Reports
3.1 By Hierarchy

1. Summary
----------

+--------------------------+--------------+
| Total On-Chip Power (W)  | 0.279        |
| Design Power Budget (W)  | Unspecified* |
| Power Budget Margin (W)  | NA           |
| Dynamic (W)              | 0.140        |
| Device Static (W)        | 0.139        |
| Effective TJA (C/W)      | 3.3          |
| Max Ambient (C)          | 84.1         |
| Junction Temperature (C) | 25.9         |
| Confidence Level         | Low          |
| Setting File             | ---          |
| Simulation Activity File | ---          |
| Design Nets Matched      | NA           |
+--------------------------+--------------+
* Specify Design Power Budget using, set_operating_conditions -design_power_budget <value in Watts>


1.1 On-Chip Components
----------------------

+----------------+-----------+----------+-----------+-----------------+
| On-Chip        | Power (W) | Used     | Available | Utilization (%) |
+----------------+-----------+----------+-----------+-----------------+
| Clocks         |     0.004 |        6 |       --- |             --- |
| Slice Logic    |    <0.001 |     1257 |       --- |             --- |
|   LUT as Logic |    <0.001 |      309 |    133800 |            0.23 |
|   CARRY4       |    <0.001 |       29 |     33450 |            0.09 |
|   Register     |    <0.001 |      777 |    267600 |            0.29 |
|   BUFG         |    <0.001 |        2 |        32 |            6.25 |
|   Others       |     0.000 |       19 |       --- |             --- |
| Signals        |     0.002 |     1343 |       --- |             --- |
| MMCM           |     0.122 |        1 |        10 |           10.00 |
| DSPs           |     0.007 |       14 |       740 |            1.89 |
| I/O            |     0.004 |       11 |       285 |            3.86 |
| Static Power   |     0.139 |          |           |                 |
| Total          |     0.279 |          |           |                 |
+----------------+-----------+----------+-----------+-----------------+


1.2 Power Supply Summary
------------------------

+-----------+-------------+-----------+-------------+------------+
| Source    | Voltage (V) | Total (A) | Dynamic (A) | Static (A) |
+-----------+-------------+-----------+-------------+------------+
| Vccint    |       1.000 |     0.045 |       0.014 |      0.031 |
| Vccaux    |       1.800 |     0.098 |       0.068 |      0.031 |
| Vcco33    |       3.300 |     0.006 |       0.001 |      0.005 |
| Vcco25    |       2.500 |     0.000 |       0.000 |      0.000 |
| Vcco18    |       1.800 |     0.000 |       0.000 |      0.000 |
| Vcco15    |       1.500 |     0.000 |       0.000 |      0.000 |
| Vcco135   |       1.350 |     0.000 |       0.000 |      0.000 |
| Vcco12    |       1.200 |     0.000 |       0.000 |      0.000 |
| Vccaux_io |       1.800 |     0.000 |       0.000 |      0.000 |
| Vccbram   |       1.000 |     0.001 |       0.000 |      0.001 |
| MGTAVcc   |       1.000 |     0.000 |       0.000 |      0.000 |
| MGTAVtt   |       1.200 |     0.000 |       0.000 |      0.000 |
| Vccadc    |       1.800 |     0.020 |       0.000 |      0.020 |
+-----------+-------------+-----------+-------------+------------+


1.3 Confidence Level
--------------------

+-----------------------------+------------+--------------------------------------------------------+--------------------------------------------------------------------------------------------------------------------+
| User Input Data             | Confidence | Details                                                | Action                                                                                                             |
+-----------------------------+------------+--------------------------------------------------------+--------------------------------------------------------------------------------------------------------------------+
| Design implementation state | High       | Design is routed                                       |                                                                                                                    |
| Clock nodes activity        | Medium     | More than 5% of clocks are missing user specification  | Provide missing clock activity with a constraint file, simulation results or by editing the "By Clock Domain" view |
| I/O nodes activity          | Low        | More than 75% of inputs are missing user specification | Provide missing input activity with simulation results or by editing the "By Resource Type -> I/Os" view           |
| Internal nodes activity     | Medium     | User specified less than 25% of internal nodes         | Provide missing internal nodes activity with simulation results or by editing the "By Resource Type" views         |
| Device models               | High       | Device models are Production                           |                                                                                                                    |
|                             |            |                                                        |                                                                                                                    |
| Overall confidence level    | Low        |                                                        |                                                                                                                    |
+-----------------------------+------------+--------------------------------------------------------+--------------------------------------------------------------------------------------------------------------------+


2. Settings
-----------

2.1 Environment
---------------

+-----------------------+--------------------------+
| Ambient Temp (C)      | 25.0                     |
| ThetaJA (C/W)         | 3.3                      |
| Airflow (LFM)         | 250                      |
| Heat Sink             | medium (Medium Profile)  |
| ThetaSA (C/W)         | 4.6                      |
| Board Selection       | medium (10"x10")         |
| # of Board Layers     | 12to15 (12 to 15 Layers) |
| Board Temperature (C) | 25.0                     |
+-----------------------+--------------------------+


2.2 Clock Constraints
---------------------

+--------------------------------------------------+-------------------------------------------------------------+-----------------+
| Clock                                            | Domain                                                      | Constraint (ns) |
+--------------------------------------------------+-------------------------------------------------------------+-----------------+
| Audio_Codec/audiocodec_master_clock/inst/clk_in1 | clk_IBUF_BUFG                                               |            10.0 |
| clk_out1_clk_wiz_1                               | Audio_Codec/audiocodec_master_clock/inst/clk_out1_clk_wiz_1 |            81.4 |
| clk_out2_clk_wiz_1                               | Audio_Codec/audiocodec_master_clock/inst/clk_out2_clk_wiz_1 |            20.0 |
| clkfbout_clk_wiz_1                               | Audio_Codec/audiocodec_master_clock/inst/clkfbout_clk_wiz_1 |            10.0 |
+--------------------------------------------------+-------------------------------------------------------------+-----------------+


3. Detailed Reports
-------------------

3.1 By Hierarchy
----------------

+-----------------------------+-----------+
| Name                        | Power (W) |
+-----------------------------+-----------+
| digitalFilterDemo           |     0.140 |
|   Audio_Codec               |     0.125 |
|     audiocodec_master_clock |     0.123 |
|       inst                  |     0.123 |
|   left_filter_lpf1000       |     0.005 |
|   right_filter_lpf300       |     0.006 |
+-----------------------------+-----------+


